TN:
SF:unitTestingTask.js
FN:1,(anonymous_0)
FN:3,(anonymous_1)
FN:11,(anonymous_2)
FN:23,leadingZeroes
FN:40,(anonymous_4)
FN:43,(anonymous_5)
FN:46,(anonymous_6)
FN:49,(anonymous_7)
FN:52,(anonymous_8)
FN:55,(anonymous_9)
FN:58,(anonymous_10)
FN:61,(anonymous_11)
FN:64,(anonymous_12)
FN:67,(anonymous_13)
FN:70,(anonymous_14)
FN:73,(anonymous_15)
FN:76,(anonymous_16)
FN:79,(anonymous_17)
FN:82,(anonymous_18)
FN:85,(anonymous_19)
FN:88,(anonymous_20)
FN:91,(anonymous_21)
FN:94,(anonymous_22)
FN:97,(anonymous_23)
FN:100,(anonymous_24)
FN:103,(anonymous_25)
FN:106,(anonymous_26)
FN:109,(anonymous_27)
FN:119,(anonymous_28)
FN:170,unitTestingTask
FN:186,(anonymous_30)
FN:207,(anonymous_31)
FN:234,(anonymous_32)
FN:238,(anonymous_33)
FN:244,(anonymous_34)
FN:258,(anonymous_35)
FN:259,(anonymous_36)
FN:290,(anonymous_37)
FN:300,(anonymous_38)
FN:318,(anonymous_39)
FNF:40
FNH:36
FNDA:1,(anonymous_0)
FNDA:0,(anonymous_1)
FNDA:1,(anonymous_2)
FNDA:41,leadingZeroes
FNDA:3,(anonymous_4)
FNDA:13,(anonymous_5)
FNDA:1,(anonymous_6)
FNDA:1,(anonymous_7)
FNDA:3,(anonymous_8)
FNDA:11,(anonymous_9)
FNDA:2,(anonymous_10)
FNDA:1,(anonymous_11)
FNDA:1,(anonymous_12)
FNDA:3,(anonymous_13)
FNDA:9,(anonymous_14)
FNDA:5,(anonymous_15)
FNDA:1,(anonymous_16)
FNDA:2,(anonymous_17)
FNDA:1,(anonymous_18)
FNDA:7,(anonymous_19)
FNDA:2,(anonymous_20)
FNDA:7,(anonymous_21)
FNDA:2,(anonymous_22)
FNDA:1,(anonymous_23)
FNDA:1,(anonymous_24)
FNDA:1,(anonymous_25)
FNDA:1,(anonymous_26)
FNDA:0,(anonymous_27)
FNDA:0,(anonymous_28)
FNDA:19,unitTestingTask
FNDA:79,(anonymous_30)
FNDA:18,(anonymous_31)
FNDA:1,(anonymous_32)
FNDA:1,(anonymous_33)
FNDA:4,(anonymous_34)
FNDA:5,(anonymous_35)
FNDA:2,(anonymous_36)
FNDA:5,(anonymous_37)
FNDA:0,(anonymous_38)
FNDA:1,(anonymous_39)
DA:1,1
DA:2,1
DA:3,0
DA:4,0
DA:6,1
DA:7,1
DA:9,0
DA:24,41
DA:25,41
DA:27,41
DA:28,0
DA:32,41
DA:34,41
DA:37,1
DA:39,1
DA:41,3
DA:44,13
DA:47,1
DA:50,1
DA:53,3
DA:56,11
DA:59,2
DA:62,1
DA:65,1
DA:68,3
DA:71,9
DA:74,5
DA:77,1
DA:80,2
DA:83,1
DA:86,7
DA:89,2
DA:92,7
DA:95,2
DA:98,1
DA:101,1
DA:104,1
DA:107,1
DA:110,0
DA:111,0
DA:112,0
DA:113,0
DA:115,0
DA:117,0
DA:120,0
DA:124,1
DA:125,1
DA:126,25
DA:127,25
DA:130,1
DA:171,19
DA:172,1
DA:175,18
DA:176,1
DA:179,17
DA:181,17
DA:183,17
DA:184,1
DA:186,16
DA:187,79
DA:197,1
DA:207,1
DA:208,18
DA:209,11
DA:212,7
DA:213,4
DA:214,2
DA:215,2
DA:216,2
DA:217,2
DA:218,1
DA:220,1
DA:223,3
DA:226,3
DA:227,3
DA:228,3
DA:232,1
DA:235,1
DA:239,1
DA:245,4
DA:246,3
DA:248,1
DA:258,1
DA:259,5
DA:260,2
DA:261,2
DA:270,1
DA:290,1
DA:291,5
DA:292,5
DA:300,1
DA:301,0
DA:305,1
DA:306,1
DA:307,1
DA:308,1
DA:311,1
DA:318,1
DA:319,1
DA:320,1
DA:323,1
LF:101
LH:89
BRDA:2,0,0,0
BRDA:2,0,1,1
BRDA:2,1,0,1
BRDA:2,1,1,0
BRDA:6,2,0,1
BRDA:6,2,1,0
BRDA:25,3,0,1
BRDA:25,3,1,40
BRDA:27,4,0,0
BRDA:27,4,1,41
BRDA:37,5,0,1
BRDA:37,5,1,1
BRDA:80,6,0,2
BRDA:80,6,1,1
BRDA:83,7,0,1
BRDA:83,7,1,0
BRDA:113,8,0,0
BRDA:113,8,1,0
BRDA:115,9,0,0
BRDA:115,9,1,0
BRDA:126,10,0,25
BRDA:126,10,1,0
BRDA:171,11,0,1
BRDA:171,11,1,18
BRDA:171,12,0,19
BRDA:171,12,1,19
BRDA:175,13,0,1
BRDA:175,13,1,17
BRDA:175,14,0,18
BRDA:175,14,1,18
BRDA:175,14,2,1
BRDA:175,14,3,1
BRDA:179,15,0,17
BRDA:179,15,1,0
BRDA:179,16,0,17
BRDA:179,16,1,17
BRDA:179,17,0,17
BRDA:179,17,1,0
BRDA:183,18,0,1
BRDA:183,18,1,16
BRDA:208,19,0,11
BRDA:208,19,1,7
BRDA:212,20,0,4
BRDA:212,20,1,3
BRDA:213,21,0,2
BRDA:213,21,1,2
BRDA:213,22,0,4
BRDA:213,22,1,2
BRDA:215,23,0,2
BRDA:215,23,1,0
BRDA:245,24,0,3
BRDA:245,24,1,1
BRDA:246,25,0,1
BRDA:246,25,1,2
BRDA:248,26,0,1
BRDA:248,26,1,0
BRDA:260,27,0,2
BRDA:260,27,1,2
BRDA:260,27,2,2
BRF:59
BRH:45
end_of_record
TN:
SF:lang\pl.js
FN:1,(anonymous_0)
FN:9,(anonymous_1)
FN:15,(anonymous_2)
FN:23,(anonymous_3)
FN:30,(anonymous_4)
FNF:5
FNH:4
FNDA:1,(anonymous_0)
FNDA:1,(anonymous_1)
FNDA:1,(anonymous_2)
FNDA:1,(anonymous_3)
FNDA:0,(anonymous_4)
DA:1,1
DA:2,1
DA:3,0
DA:4,1
DA:5,1
DA:7,0
DA:10,1
DA:16,1
DA:17,1
DA:24,1
DA:25,1
DA:31,0
DA:32,0
DA:34,0
LF:14
LH:9
BRDA:2,0,0,0
BRDA:2,0,1,1
BRDA:2,1,0,1
BRDA:2,1,1,0
BRDA:4,2,0,1
BRDA:4,2,1,0
BRDA:16,3,0,0
BRDA:16,3,1,1
BRDA:24,4,0,0
BRDA:24,4,1,1
BRDA:31,5,0,0
BRDA:31,5,1,0
BRF:12
BRH:5
end_of_record
